{"D:\\pizza_website_tested\\src\\cartLogic.js": {"path":"D:\\pizza_website_tested\\src\\cartLogic.js","statementMap":{"0":{"start":{"line":4,"column":4},"end":{"line":6,"column":5}},"1":{"start":{"line":5,"column":6},"end":{"line":5,"column":41}},"2":{"start":{"line":10,"column":18},"end":{"line":10,"column":58}},"3":{"start":{"line":11,"column":4},"end":{"line":15,"column":5}},"4":{"start":{"line":12,"column":6},"end":{"line":12,"column":24}},"5":{"start":{"line":14,"column":6},"end":{"line":14,"column":22}},"6":{"start":{"line":16,"column":4},"end":{"line":16,"column":56}},"7":{"start":{"line":20,"column":4},"end":{"line":20,"column":52}},"8":{"start":{"line":24,"column":18},"end":{"line":24,"column":58}},"9":{"start":{"line":25,"column":4},"end":{"line":25,"column":30}},"10":{"start":{"line":25,"column":23},"end":{"line":25,"column":30}},"11":{"start":{"line":26,"column":4},"end":{"line":26,"column":20}},"12":{"start":{"line":27,"column":4},"end":{"line":27,"column":49}},"13":{"start":{"line":27,"column":28},"end":{"line":27,"column":49}},"14":{"start":{"line":28,"column":4},"end":{"line":28,"column":56}},"15":{"start":{"line":32,"column":18},"end":{"line":32,"column":58}},"16":{"start":{"line":33,"column":4},"end":{"line":33,"column":43}},"17":{"start":{"line":37,"column":4},"end":{"line":37,"column":39}},"18":{"start":{"line":41,"column":19},"end":{"line":41,"column":34}},"19":{"start":{"line":42,"column":14},"end":{"line":42,"column":15}},"20":{"start":{"line":43,"column":4},"end":{"line":45,"column":5}},"21":{"start":{"line":44,"column":6},"end":{"line":44,"column":74}},"22":{"start":{"line":44,"column":34},"end":{"line":44,"column":52}},"23":{"start":{"line":46,"column":4},"end":{"line":46,"column":15}},"24":{"start":{"line":51,"column":25},"end":{"line":51,"column":40}},"25":{"start":{"line":52,"column":21},"end":{"line":52,"column":94}},"26":{"start":{"line":52,"column":50},"end":{"line":52,"column":93}},"27":{"start":{"line":53,"column":4},"end":{"line":65,"column":12}},"28":{"start":{"line":55,"column":4},"end":{"line":63,"column":11}}},"fnMap":{"0":{"name":"(anonymous_0)","decl":{"start":{"line":3,"column":2},"end":{"line":3,"column":3}},"loc":{"start":{"line":3,"column":16},"end":{"line":7,"column":3}},"line":3},"1":{"name":"(anonymous_1)","decl":{"start":{"line":9,"column":2},"end":{"line":9,"column":3}},"loc":{"start":{"line":9,"column":14},"end":{"line":17,"column":3}},"line":9},"2":{"name":"(anonymous_2)","decl":{"start":{"line":19,"column":2},"end":{"line":19,"column":3}},"loc":{"start":{"line":19,"column":13},"end":{"line":21,"column":3}},"line":19},"3":{"name":"(anonymous_3)","decl":{"start":{"line":23,"column":2},"end":{"line":23,"column":3}},"loc":{"start":{"line":23,"column":17},"end":{"line":29,"column":3}},"line":23},"4":{"name":"(anonymous_4)","decl":{"start":{"line":31,"column":2},"end":{"line":31,"column":3}},"loc":{"start":{"line":31,"column":12},"end":{"line":34,"column":3}},"line":31},"5":{"name":"(anonymous_5)","decl":{"start":{"line":36,"column":2},"end":{"line":36,"column":3}},"loc":{"start":{"line":36,"column":10},"end":{"line":38,"column":3}},"line":36},"6":{"name":"(anonymous_6)","decl":{"start":{"line":40,"column":2},"end":{"line":40,"column":3}},"loc":{"start":{"line":40,"column":17},"end":{"line":47,"column":3}},"line":40},"7":{"name":"(anonymous_7)","decl":{"start":{"line":44,"column":23},"end":{"line":44,"column":24}},"loc":{"start":{"line":44,"column":34},"end":{"line":44,"column":52}},"line":44},"8":{"name":"(anonymous_8)","decl":{"start":{"line":50,"column":2},"end":{"line":50,"column":3}},"loc":{"start":{"line":50,"column":24},"end":{"line":66,"column":3}},"line":50},"9":{"name":"(anonymous_9)","decl":{"start":{"line":52,"column":42},"end":{"line":52,"column":43}},"loc":{"start":{"line":52,"column":50},"end":{"line":52,"column":93}},"line":52},"10":{"name":"(anonymous_10)","decl":{"start":{"line":54,"column":15},"end":{"line":54,"column":16}},"loc":{"start":{"line":55,"column":4},"end":{"line":63,"column":11}},"line":55}},"branchMap":{"0":{"loc":{"start":{"line":4,"column":4},"end":{"line":6,"column":5}},"type":"if","locations":[{"start":{"line":4,"column":4},"end":{"line":6,"column":5}},{"start":{"line":4,"column":4},"end":{"line":6,"column":5}}],"line":4},"1":{"loc":{"start":{"line":11,"column":4},"end":{"line":15,"column":5}},"type":"if","locations":[{"start":{"line":11,"column":4},"end":{"line":15,"column":5}},{"start":{"line":11,"column":4},"end":{"line":15,"column":5}}],"line":11},"2":{"loc":{"start":{"line":25,"column":4},"end":{"line":25,"column":30}},"type":"if","locations":[{"start":{"line":25,"column":4},"end":{"line":25,"column":30}},{"start":{"line":25,"column":4},"end":{"line":25,"column":30}}],"line":25},"3":{"loc":{"start":{"line":27,"column":4},"end":{"line":27,"column":49}},"type":"if","locations":[{"start":{"line":27,"column":4},"end":{"line":27,"column":49}},{"start":{"line":27,"column":4},"end":{"line":27,"column":49}}],"line":27}},"s":{"0":3,"1":1,"2":8,"3":8,"4":6,"5":2,"6":8,"7":8,"8":4,"9":4,"10":1,"11":3,"12":3,"13":1,"14":3,"15":4,"16":4,"17":1,"18":1,"19":1,"20":1,"21":2,"22":3,"23":1,"24":1,"25":1,"26":2,"27":1,"28":2},"f":{"0":3,"1":8,"2":8,"3":4,"4":4,"5":1,"6":1,"7":3,"8":1,"9":2,"10":2},"b":{"0":[1,2],"1":[6,2],"2":[1,3],"3":[1,2]},"_coverageSchema":"1a1c01bbd47fc00a2c39e90264f33305004495a9","hash":"d028d72b270049e8e6385e058c8a2f731b2245eb"}
,"D:\\pizza_website_tested\\src\\client.js": {"path":"D:\\pizza_website_tested\\src\\client.js","statementMap":{"0":{"start":{"line":3,"column":4},"end":{"line":5,"column":34}},"1":{"start":{"line":4,"column":24},"end":{"line":4,"column":39}},"2":{"start":{"line":5,"column":18},"end":{"line":5,"column":32}},"3":{"start":{"line":9,"column":4},"end":{"line":14,"column":34}},"4":{"start":{"line":13,"column":26},"end":{"line":13,"column":41}},"5":{"start":{"line":14,"column":18},"end":{"line":14,"column":32}}},"fnMap":{"0":{"name":"(anonymous_0)","decl":{"start":{"line":2,"column":2},"end":{"line":2,"column":3}},"loc":{"start":{"line":2,"column":20},"end":{"line":6,"column":3}},"line":2},"1":{"name":"(anonymous_1)","decl":{"start":{"line":4,"column":12},"end":{"line":4,"column":13}},"loc":{"start":{"line":4,"column":24},"end":{"line":4,"column":39}},"line":4},"2":{"name":"(anonymous_2)","decl":{"start":{"line":5,"column":13},"end":{"line":5,"column":14}},"loc":{"start":{"line":5,"column":18},"end":{"line":5,"column":32}},"line":5},"3":{"name":"(anonymous_3)","decl":{"start":{"line":8,"column":2},"end":{"line":8,"column":3}},"loc":{"start":{"line":8,"column":23},"end":{"line":15,"column":3}},"line":8},"4":{"name":"(anonymous_4)","decl":{"start":{"line":13,"column":12},"end":{"line":13,"column":13}},"loc":{"start":{"line":13,"column":26},"end":{"line":13,"column":41}},"line":13},"5":{"name":"(anonymous_5)","decl":{"start":{"line":14,"column":13},"end":{"line":14,"column":14}},"loc":{"start":{"line":14,"column":18},"end":{"line":14,"column":32}},"line":14}},"branchMap":{},"s":{"0":2,"1":2,"2":0,"3":1,"4":1,"5":0},"f":{"0":2,"1":2,"2":0,"3":1,"4":1,"5":0},"b":{},"_coverageSchema":"1a1c01bbd47fc00a2c39e90264f33305004495a9","hash":"e32ade1488ba5a4e438dccb636c7b46a64182183"}
,"D:\\pizza_website_tested\\src\\engine.js": {"path":"D:\\pizza_website_tested\\src\\engine.js","statementMap":{"0":{"start":{"line":3,"column":17},"end":{"line":3,"column":48}},"1":{"start":{"line":4,"column":4},"end":{"line":4,"column":26}},"2":{"start":{"line":8,"column":17},"end":{"line":8,"column":48}},"3":{"start":{"line":9,"column":4},"end":{"line":15,"column":6}}},"fnMap":{"0":{"name":"(anonymous_0)","decl":{"start":{"line":2,"column":2},"end":{"line":2,"column":3}},"loc":{"start":{"line":2,"column":15},"end":{"line":5,"column":3}},"line":2},"1":{"name":"(anonymous_1)","decl":{"start":{"line":7,"column":2},"end":{"line":7,"column":3}},"loc":{"start":{"line":7,"column":11},"end":{"line":16,"column":3}},"line":7}},"branchMap":{},"s":{"0":1,"1":1,"2":2,"3":2},"f":{"0":1,"1":2},"b":{},"_coverageSchema":"1a1c01bbd47fc00a2c39e90264f33305004495a9","hash":"88006801282092bdab732f568cf7dab7c40066bf"}
,"D:\\pizza_website_tested\\src\\router.js": {"path":"D:\\pizza_website_tested\\src\\router.js","statementMap":{"0":{"start":{"line":4,"column":4},"end":{"line":4,"column":46}},"1":{"start":{"line":8,"column":4},"end":{"line":8,"column":43}},"2":{"start":{"line":12,"column":4},"end":{"line":12,"column":47}},"3":{"start":{"line":16,"column":4},"end":{"line":16,"column":19}},"4":{"start":{"line":20,"column":4},"end":{"line":25,"column":61}},"5":{"start":{"line":20,"column":28},"end":{"line":25,"column":60}},"6":{"start":{"line":29,"column":4},"end":{"line":29,"column":75}},"7":{"start":{"line":29,"column":25},"end":{"line":29,"column":75}},"8":{"start":{"line":30,"column":4},"end":{"line":33,"column":5}},"9":{"start":{"line":31,"column":19},"end":{"line":31,"column":44}},"10":{"start":{"line":32,"column":6},"end":{"line":32,"column":44}},"11":{"start":{"line":34,"column":4},"end":{"line":34,"column":42}}},"fnMap":{"0":{"name":"(anonymous_0)","decl":{"start":{"line":3,"column":2},"end":{"line":3,"column":3}},"loc":{"start":{"line":3,"column":12},"end":{"line":5,"column":3}},"line":3},"1":{"name":"(anonymous_1)","decl":{"start":{"line":7,"column":2},"end":{"line":7,"column":3}},"loc":{"start":{"line":7,"column":17},"end":{"line":9,"column":3}},"line":7},"2":{"name":"(anonymous_2)","decl":{"start":{"line":11,"column":2},"end":{"line":11,"column":3}},"loc":{"start":{"line":11,"column":16},"end":{"line":13,"column":3}},"line":11},"3":{"name":"(anonymous_3)","decl":{"start":{"line":15,"column":2},"end":{"line":15,"column":3}},"loc":{"start":{"line":15,"column":11},"end":{"line":17,"column":3}},"line":15},"4":{"name":"(anonymous_4)","decl":{"start":{"line":19,"column":2},"end":{"line":19,"column":3}},"loc":{"start":{"line":19,"column":18},"end":{"line":26,"column":3}},"line":19},"5":{"name":"(anonymous_5)","decl":{"start":{"line":20,"column":11},"end":{"line":20,"column":12}},"loc":{"start":{"line":20,"column":28},"end":{"line":25,"column":60}},"line":20},"6":{"name":"(anonymous_6)","decl":{"start":{"line":28,"column":2},"end":{"line":28,"column":3}},"loc":{"start":{"line":28,"column":13},"end":{"line":35,"column":3}},"line":28}},"branchMap":{"0":{"loc":{"start":{"line":20,"column":12},"end":{"line":20,"column":23}},"type":"default-arg","locations":[{"start":{"line":20,"column":21},"end":{"line":20,"column":23}}],"line":20},"1":{"loc":{"start":{"line":20,"column":28},"end":{"line":25,"column":60}},"type":"binary-expr","locations":[{"start":{"line":20,"column":28},"end":{"line":25,"column":14}},{"start":{"line":25,"column":18},"end":{"line":25,"column":60}}],"line":20},"2":{"loc":{"start":{"line":21,"column":31},"end":{"line":21,"column":66}},"type":"cond-expr","locations":[{"start":{"line":21,"column":40},"end":{"line":21,"column":54}},{"start":{"line":21,"column":57},"end":{"line":21,"column":66}}],"line":21},"3":{"loc":{"start":{"line":23,"column":30},"end":{"line":23,"column":65}},"type":"cond-expr","locations":[{"start":{"line":23,"column":39},"end":{"line":23,"column":52}},{"start":{"line":23,"column":55},"end":{"line":23,"column":65}}],"line":23},"4":{"loc":{"start":{"line":24,"column":31},"end":{"line":24,"column":67}},"type":"cond-expr","locations":[{"start":{"line":24,"column":40},"end":{"line":24,"column":54}},{"start":{"line":24,"column":57},"end":{"line":24,"column":67}}],"line":24},"5":{"loc":{"start":{"line":29,"column":4},"end":{"line":29,"column":75}},"type":"if","locations":[{"start":{"line":29,"column":4},"end":{"line":29,"column":75}},{"start":{"line":29,"column":4},"end":{"line":29,"column":75}}],"line":29},"6":{"loc":{"start":{"line":30,"column":4},"end":{"line":33,"column":5}},"type":"if","locations":[{"start":{"line":30,"column":4},"end":{"line":33,"column":5}},{"start":{"line":30,"column":4},"end":{"line":33,"column":5}}],"line":30}},"s":{"0":29,"1":1,"2":1,"3":1,"4":8,"5":8,"6":10,"7":2,"8":8,"9":3,"10":3,"11":5},"f":{"0":29,"1":1,"2":1,"3":1,"4":8,"5":8,"6":10},"b":{"0":[5],"1":[8,1],"2":[3,5],"3":[3,5],"4":[3,5],"5":[2,8],"6":[3,5]},"_coverageSchema":"1a1c01bbd47fc00a2c39e90264f33305004495a9","hash":"f3af5d34ef2c631952cd3f8f2322fd040380c41a"}
,"D:\\pizza_website_tested\\src\\script.js": {"path":"D:\\pizza_website_tested\\src\\script.js","statementMap":{"0":{"start":{"line":6,"column":16},"end":{"line":8,"column":1}},"1":{"start":{"line":7,"column":2},"end":{"line":7,"column":56}},"2":{"start":{"line":10,"column":17},"end":{"line":12,"column":1}},"3":{"start":{"line":11,"column":2},"end":{"line":11,"column":54}},"4":{"start":{"line":15,"column":13},"end":{"line":27,"column":1}},"5":{"start":{"line":16,"column":14},"end":{"line":16,"column":49}},"6":{"start":{"line":17,"column":2},"end":{"line":26,"column":3}},"7":{"start":{"line":18,"column":4},"end":{"line":18,"column":33}},"8":{"start":{"line":20,"column":4},"end":{"line":20,"column":30}},"9":{"start":{"line":22,"column":4},"end":{"line":25,"column":9}},"10":{"start":{"line":24,"column":8},"end":{"line":24,"column":34}},"11":{"start":{"line":29,"column":19},"end":{"line":32,"column":1}},"12":{"start":{"line":30,"column":2},"end":{"line":30,"column":25}},"13":{"start":{"line":31,"column":2},"end":{"line":31,"column":10}},"14":{"start":{"line":34,"column":0},"end":{"line":61,"column":3}},"15":{"start":{"line":35,"column":2},"end":{"line":60,"column":3}},"16":{"start":{"line":38,"column":4},"end":{"line":38,"column":15}},"17":{"start":{"line":39,"column":4},"end":{"line":39,"column":10}},"18":{"start":{"line":41,"column":4},"end":{"line":41,"column":14}},"19":{"start":{"line":42,"column":4},"end":{"line":42,"column":10}},"20":{"start":{"line":44,"column":4},"end":{"line":44,"column":27}},"21":{"start":{"line":45,"column":4},"end":{"line":45,"column":10}},"22":{"start":{"line":47,"column":4},"end":{"line":47,"column":30}},"23":{"start":{"line":48,"column":4},"end":{"line":48,"column":10}},"24":{"start":{"line":50,"column":4},"end":{"line":50,"column":30}},"25":{"start":{"line":51,"column":4},"end":{"line":51,"column":10}},"26":{"start":{"line":53,"column":4},"end":{"line":53,"column":11}},"27":{"start":{"line":54,"column":4},"end":{"line":54,"column":10}},"28":{"start":{"line":56,"column":4},"end":{"line":56,"column":17}},"29":{"start":{"line":57,"column":4},"end":{"line":57,"column":10}},"30":{"start":{"line":59,"column":4},"end":{"line":59,"column":10}},"31":{"start":{"line":63,"column":15},"end":{"line":63,"column":27}},"32":{"start":{"line":64,"column":15},"end":{"line":64,"column":27}},"33":{"start":{"line":65,"column":15},"end":{"line":65,"column":33}},"34":{"start":{"line":66,"column":13},"end":{"line":66,"column":23}},"35":{"start":{"line":68,"column":16},"end":{"line":70,"column":1}},"36":{"start":{"line":69,"column":2},"end":{"line":69,"column":17}},"37":{"start":{"line":72,"column":19},"end":{"line":74,"column":1}},"38":{"start":{"line":73,"column":2},"end":{"line":73,"column":20}},"39":{"start":{"line":76,"column":20},"end":{"line":104,"column":1}},"40":{"start":{"line":77,"column":16},"end":{"line":77,"column":48}},"41":{"start":{"line":78,"column":16},"end":{"line":78,"column":48}},"42":{"start":{"line":79,"column":15},"end":{"line":79,"column":46}},"43":{"start":{"line":80,"column":18},"end":{"line":80,"column":52}},"44":{"start":{"line":81,"column":15},"end":{"line":81,"column":46}},"45":{"start":{"line":82,"column":15},"end":{"line":82,"column":46}},"46":{"start":{"line":83,"column":2},"end":{"line":83,"column":18}},"47":{"start":{"line":84,"column":11},"end":{"line":84,"column":31}},"48":{"start":{"line":85,"column":2},"end":{"line":85,"column":18}},"49":{"start":{"line":86,"column":2},"end":{"line":86,"column":31}},"50":{"start":{"line":87,"column":14},"end":{"line":96,"column":3}},"51":{"start":{"line":97,"column":2},"end":{"line":97,"column":15}},"52":{"start":{"line":98,"column":18},"end":{"line":98,"column":50}},"53":{"start":{"line":99,"column":15},"end":{"line":99,"column":56}},"54":{"start":{"line":100,"column":2},"end":{"line":100,"column":50}},"55":{"start":{"line":101,"column":2},"end":{"line":101,"column":38}},"56":{"start":{"line":102,"column":2},"end":{"line":102,"column":40}},"57":{"start":{"line":103,"column":2},"end":{"line":103,"column":47}},"58":{"start":{"line":108,"column":15},"end":{"line":108,"column":79}},"59":{"start":{"line":108,"column":64},"end":{"line":108,"column":78}},"60":{"start":{"line":109,"column":15},"end":{"line":109,"column":70}},"61":{"start":{"line":109,"column":55},"end":{"line":109,"column":69}},"62":{"start":{"line":110,"column":2},"end":{"line":110,"column":28}},"63":{"start":{"line":114,"column":14},"end":{"line":133,"column":1}},"64":{"start":{"line":115,"column":37},"end":{"line":115,"column":54}},"65":{"start":{"line":116,"column":2},"end":{"line":116,"column":18}},"66":{"start":{"line":117,"column":2},"end":{"line":131,"column":7}},"67":{"start":{"line":119,"column":6},"end":{"line":119,"column":31}},"68":{"start":{"line":120,"column":6},"end":{"line":120,"column":42}},"69":{"start":{"line":123,"column":6},"end":{"line":123,"column":26}},"70":{"start":{"line":124,"column":6},"end":{"line":124,"column":17}},"71":{"start":{"line":127,"column":6},"end":{"line":127,"column":50}},"72":{"start":{"line":130,"column":6},"end":{"line":130,"column":26}},"73":{"start":{"line":134,"column":0},"end":{"line":134,"column":8}},"74":{"start":{"line":135,"column":0},"end":{"line":135,"column":45}},"75":{"start":{"line":137,"column":19},"end":{"line":141,"column":1}},"76":{"start":{"line":138,"column":2},"end":{"line":140,"column":3}},"77":{"start":{"line":139,"column":4},"end":{"line":139,"column":20}},"78":{"start":{"line":142,"column":0},"end":{"line":142,"column":50}}},"fnMap":{"0":{"name":"(anonymous_0)","decl":{"start":{"line":6,"column":16},"end":{"line":6,"column":17}},"loc":{"start":{"line":6,"column":22},"end":{"line":8,"column":1}},"line":6},"1":{"name":"(anonymous_1)","decl":{"start":{"line":10,"column":17},"end":{"line":10,"column":18}},"loc":{"start":{"line":10,"column":23},"end":{"line":12,"column":1}},"line":10},"2":{"name":"(anonymous_2)","decl":{"start":{"line":15,"column":13},"end":{"line":15,"column":14}},"loc":{"start":{"line":15,"column":19},"end":{"line":27,"column":1}},"line":15},"3":{"name":"(anonymous_3)","decl":{"start":{"line":23,"column":12},"end":{"line":23,"column":13}},"loc":{"start":{"line":23,"column":22},"end":{"line":25,"column":7}},"line":23},"4":{"name":"(anonymous_4)","decl":{"start":{"line":29,"column":19},"end":{"line":29,"column":20}},"loc":{"start":{"line":29,"column":27},"end":{"line":32,"column":1}},"line":29},"5":{"name":"(anonymous_5)","decl":{"start":{"line":34,"column":35},"end":{"line":34,"column":36}},"loc":{"start":{"line":34,"column":44},"end":{"line":61,"column":1}},"line":34},"6":{"name":"(anonymous_6)","decl":{"start":{"line":68,"column":16},"end":{"line":68,"column":17}},"loc":{"start":{"line":68,"column":26},"end":{"line":70,"column":1}},"line":68},"7":{"name":"(anonymous_7)","decl":{"start":{"line":72,"column":19},"end":{"line":72,"column":20}},"loc":{"start":{"line":72,"column":29},"end":{"line":74,"column":1}},"line":72},"8":{"name":"(anonymous_8)","decl":{"start":{"line":76,"column":20},"end":{"line":76,"column":21}},"loc":{"start":{"line":76,"column":26},"end":{"line":104,"column":1}},"line":76},"9":{"name":"loadMain","decl":{"start":{"line":107,"column":15},"end":{"line":107,"column":23}},"loc":{"start":{"line":107,"column":26},"end":{"line":111,"column":1}},"line":107},"10":{"name":"(anonymous_10)","decl":{"start":{"line":108,"column":57},"end":{"line":108,"column":58}},"loc":{"start":{"line":108,"column":64},"end":{"line":108,"column":78}},"line":108},"11":{"name":"(anonymous_11)","decl":{"start":{"line":109,"column":48},"end":{"line":109,"column":49}},"loc":{"start":{"line":109,"column":55},"end":{"line":109,"column":69}},"line":109},"12":{"name":"(anonymous_12)","decl":{"start":{"line":114,"column":14},"end":{"line":114,"column":15}},"loc":{"start":{"line":114,"column":20},"end":{"line":133,"column":1}},"line":114},"13":{"name":"(anonymous_13)","decl":{"start":{"line":118,"column":10},"end":{"line":118,"column":11}},"loc":{"start":{"line":118,"column":25},"end":{"line":121,"column":5}},"line":118},"14":{"name":"(anonymous_14)","decl":{"start":{"line":122,"column":11},"end":{"line":122,"column":12}},"loc":{"start":{"line":122,"column":21},"end":{"line":125,"column":5}},"line":122},"15":{"name":"(anonymous_15)","decl":{"start":{"line":126,"column":10},"end":{"line":126,"column":11}},"loc":{"start":{"line":126,"column":18},"end":{"line":128,"column":5}},"line":126},"16":{"name":"(anonymous_16)","decl":{"start":{"line":129,"column":11},"end":{"line":129,"column":12}},"loc":{"start":{"line":129,"column":21},"end":{"line":131,"column":5}},"line":129},"17":{"name":"(anonymous_17)","decl":{"start":{"line":137,"column":19},"end":{"line":137,"column":20}},"loc":{"start":{"line":137,"column":25},"end":{"line":141,"column":1}},"line":137}},"branchMap":{"0":{"loc":{"start":{"line":17,"column":2},"end":{"line":26,"column":3}},"type":"if","locations":[{"start":{"line":17,"column":2},"end":{"line":26,"column":3}},{"start":{"line":17,"column":2},"end":{"line":26,"column":3}}],"line":17},"1":{"loc":{"start":{"line":35,"column":2},"end":{"line":60,"column":3}},"type":"switch","locations":[{"start":{"line":36,"column":2},"end":{"line":36,"column":17}},{"start":{"line":37,"column":2},"end":{"line":39,"column":10}},{"start":{"line":40,"column":2},"end":{"line":42,"column":10}},{"start":{"line":43,"column":2},"end":{"line":45,"column":10}},{"start":{"line":46,"column":2},"end":{"line":48,"column":10}},{"start":{"line":49,"column":2},"end":{"line":51,"column":10}},{"start":{"line":52,"column":2},"end":{"line":54,"column":10}},{"start":{"line":55,"column":2},"end":{"line":57,"column":10}},{"start":{"line":58,"column":2},"end":{"line":59,"column":10}}],"line":35},"2":{"loc":{"start":{"line":93,"column":13},"end":{"line":93,"column":43}},"type":"cond-expr","locations":[{"start":{"line":93,"column":28},"end":{"line":93,"column":34}},{"start":{"line":93,"column":37},"end":{"line":93,"column":43}}],"line":93},"3":{"loc":{"start":{"line":138,"column":2},"end":{"line":140,"column":3}},"type":"if","locations":[{"start":{"line":138,"column":2},"end":{"line":140,"column":3}},{"start":{"line":138,"column":2},"end":{"line":140,"column":3}}],"line":138},"4":{"loc":{"start":{"line":138,"column":5},"end":{"line":138,"column":51}},"type":"binary-expr","locations":[{"start":{"line":138,"column":5},"end":{"line":138,"column":19}},{"start":{"line":138,"column":23},"end":{"line":138,"column":51}}],"line":138}},"s":{"0":1,"1":0,"2":1,"3":0,"4":1,"5":0,"6":0,"7":0,"8":0,"9":0,"10":0,"11":1,"12":0,"13":0,"14":1,"15":0,"16":0,"17":0,"18":0,"19":0,"20":0,"21":0,"22":0,"23":0,"24":0,"25":0,"26":0,"27":0,"28":0,"29":0,"30":0,"31":1,"32":1,"33":1,"34":1,"35":1,"36":0,"37":1,"38":0,"39":1,"40":0,"41":0,"42":0,"43":0,"44":0,"45":0,"46":0,"47":0,"48":0,"49":0,"50":0,"51":0,"52":0,"53":0,"54":0,"55":0,"56":0,"57":0,"58":0,"59":0,"60":0,"61":0,"62":0,"63":1,"64":1,"65":1,"66":1,"67":1,"68":1,"69":0,"70":0,"71":1,"72":1,"73":1,"74":1,"75":1,"76":0,"77":0,"78":1},"f":{"0":0,"1":0,"2":0,"3":0,"4":0,"5":0,"6":0,"7":0,"8":0,"9":0,"10":0,"11":0,"12":1,"13":1,"14":0,"15":1,"16":1,"17":0},"b":{"0":[0,0],"1":[0,0,0,0,0,0,0,0,0],"2":[0,0],"3":[0,0],"4":[0,0]},"_coverageSchema":"1a1c01bbd47fc00a2c39e90264f33305004495a9","hash":"5ceb27054b1ed20c8f47726e02c9ac70e75a44fe"}
,"D:\\pizza_website_tested\\src\\views\\catalog.js": {"path":"D:\\pizza_website_tested\\src\\views\\catalog.js","statementMap":{"0":{"start":{"line":1,"column":16},"end":{"line":19,"column":1}},"1":{"start":{"line":2,"column":2},"end":{"line":18,"column":24}},"2":{"start":{"line":3,"column":4},"end":{"line":18,"column":9}},"3":{"start":{"line":7,"column":38},"end":{"line":7,"column":66}},"4":{"start":{"line":7,"column":83},"end":{"line":17,"column":11}}},"fnMap":{"0":{"name":"(anonymous_0)","decl":{"start":{"line":1,"column":16},"end":{"line":1,"column":17}},"loc":{"start":{"line":1,"column":26},"end":{"line":19,"column":1}},"line":1},"1":{"name":"(anonymous_1)","decl":{"start":{"line":2,"column":32},"end":{"line":2,"column":33}},"loc":{"start":{"line":3,"column":4},"end":{"line":18,"column":9}},"line":3},"2":{"name":"(anonymous_2)","decl":{"start":{"line":7,"column":27},"end":{"line":7,"column":28}},"loc":{"start":{"line":7,"column":38},"end":{"line":7,"column":66}},"line":7},"3":{"name":"(anonymous_3)","decl":{"start":{"line":7,"column":72},"end":{"line":7,"column":73}},"loc":{"start":{"line":7,"column":83},"end":{"line":17,"column":11}},"line":7}},"branchMap":{},"s":{"0":1,"1":1,"2":1,"3":1,"4":1},"f":{"0":1,"1":1,"2":1,"3":1},"b":{},"_coverageSchema":"1a1c01bbd47fc00a2c39e90264f33305004495a9","hash":"bf5fceeb7c4b88196b759b96b5da98cfe4886ae3"}
,"D:\\pizza_website_tested\\src\\views\\mainPage.js": {"path":"D:\\pizza_website_tested\\src\\views\\mainPage.js","statementMap":{"0":{"start":{"line":1,"column":16},"end":{"line":25,"column":1}},"1":{"start":{"line":2,"column":2},"end":{"line":2,"column":68}},"2":{"start":{"line":2,"column":58},"end":{"line":2,"column":68}},"3":{"start":{"line":3,"column":2},"end":{"line":24,"column":38}},"4":{"start":{"line":5,"column":50},"end":{"line":6,"column":93}},"5":{"start":{"line":8,"column":51},"end":{"line":24,"column":23}},"6":{"start":{"line":12,"column":38},"end":{"line":12,"column":66}},"7":{"start":{"line":13,"column":4},"end":{"line":24,"column":3}}},"fnMap":{"0":{"name":"(anonymous_0)","decl":{"start":{"line":1,"column":16},"end":{"line":1,"column":17}},"loc":{"start":{"line":1,"column":26},"end":{"line":25,"column":1}},"line":1},"1":{"name":"(anonymous_1)","decl":{"start":{"line":5,"column":41},"end":{"line":5,"column":42}},"loc":{"start":{"line":5,"column":50},"end":{"line":6,"column":93}},"line":5},"2":{"name":"(anonymous_2)","decl":{"start":{"line":8,"column":30},"end":{"line":8,"column":31}},"loc":{"start":{"line":8,"column":51},"end":{"line":24,"column":23}},"line":8},"3":{"name":"(anonymous_3)","decl":{"start":{"line":12,"column":27},"end":{"line":12,"column":28}},"loc":{"start":{"line":12,"column":38},"end":{"line":12,"column":66}},"line":12},"4":{"name":"(anonymous_4)","decl":{"start":{"line":12,"column":72},"end":{"line":12,"column":73}},"loc":{"start":{"line":13,"column":4},"end":{"line":24,"column":3}},"line":13}},"branchMap":{"0":{"loc":{"start":{"line":2,"column":2},"end":{"line":2,"column":68}},"type":"if","locations":[{"start":{"line":2,"column":2},"end":{"line":2,"column":68}},{"start":{"line":2,"column":2},"end":{"line":2,"column":68}}],"line":2},"1":{"loc":{"start":{"line":2,"column":6},"end":{"line":2,"column":56}},"type":"binary-expr","locations":[{"start":{"line":2,"column":6},"end":{"line":2,"column":19}},{"start":{"line":2,"column":23},"end":{"line":2,"column":56}}],"line":2}},"s":{"0":2,"1":3,"2":1,"3":2,"4":1,"5":1,"6":1,"7":1},"f":{"0":3,"1":1,"2":1,"3":1,"4":1},"b":{"0":[1,2],"1":[3,3]},"_coverageSchema":"1a1c01bbd47fc00a2c39e90264f33305004495a9","hash":"31dc551bbc418d7c1e0adfcf597bc1abc17d526a"}
,"D:\\pizza_website_tested\\src\\views\\order.js": {"path":"D:\\pizza_website_tested\\src\\views\\order.js","statementMap":{"0":{"start":{"line":1,"column":16},"end":{"line":44,"column":1}},"1":{"start":{"line":2,"column":2},"end":{"line":43,"column":11}}},"fnMap":{"0":{"name":"(anonymous_0)","decl":{"start":{"line":1,"column":16},"end":{"line":1,"column":17}},"loc":{"start":{"line":1,"column":22},"end":{"line":44,"column":1}},"line":1}},"branchMap":{},"s":{"0":1,"1":1},"f":{"0":1},"b":{},"_coverageSchema":"1a1c01bbd47fc00a2c39e90264f33305004495a9","hash":"1136d27e01bbc1f8dcd35b4499b7de60e8908aa9"}
,"D:\\pizza_website_tested\\src\\views\\orderDone.js": {"path":"D:\\pizza_website_tested\\src\\views\\orderDone.js","statementMap":{"0":{"start":{"line":1,"column":16},"end":{"line":30,"column":1}},"1":{"start":{"line":3,"column":2},"end":{"line":29,"column":10}},"2":{"start":{"line":18,"column":20},"end":{"line":18,"column":46}},"3":{"start":{"line":18,"column":33},"end":{"line":18,"column":45}},"4":{"start":{"line":19,"column":21},"end":{"line":19,"column":36}},"5":{"start":{"line":20,"column":4},"end":{"line":22,"column":85}}},"fnMap":{"0":{"name":"(anonymous_0)","decl":{"start":{"line":1,"column":16},"end":{"line":1,"column":17}},"loc":{"start":{"line":1,"column":30},"end":{"line":30,"column":1}},"line":1},"1":{"name":"(anonymous_1)","decl":{"start":{"line":17,"column":30},"end":{"line":17,"column":31}},"loc":{"start":{"line":17,"column":39},"end":{"line":23,"column":3}},"line":17},"2":{"name":"(anonymous_2)","decl":{"start":{"line":18,"column":28},"end":{"line":18,"column":29}},"loc":{"start":{"line":18,"column":33},"end":{"line":18,"column":45}},"line":18}},"branchMap":{},"s":{"0":1,"1":1,"2":2,"3":3,"4":2,"5":2},"f":{"0":1,"1":2,"2":3},"b":{},"_coverageSchema":"1a1c01bbd47fc00a2c39e90264f33305004495a9","hash":"8e135e0219755d137bf83a3d30156e670c9d0eff"}
,"D:\\pizza_website_tested\\src\\views\\action\\page.js": {"path":"D:\\pizza_website_tested\\src\\views\\action\\page.js","statementMap":{"0":{"start":{"line":1,"column":16},"end":{"line":16,"column":1}},"1":{"start":{"line":2,"column":19},"end":{"line":2,"column":40}},"2":{"start":{"line":3,"column":16},"end":{"line":3,"column":62}},"3":{"start":{"line":3,"column":41},"end":{"line":3,"column":61}},"4":{"start":{"line":4,"column":2},"end":{"line":15,"column":10}}},"fnMap":{"0":{"name":"(anonymous_0)","decl":{"start":{"line":1,"column":16},"end":{"line":1,"column":17}},"loc":{"start":{"line":1,"column":32},"end":{"line":16,"column":1}},"line":1},"1":{"name":"(anonymous_1)","decl":{"start":{"line":3,"column":33},"end":{"line":3,"column":34}},"loc":{"start":{"line":3,"column":41},"end":{"line":3,"column":61}},"line":3}},"branchMap":{},"s":{"0":1,"1":1,"2":1,"3":1,"4":1},"f":{"0":1,"1":1},"b":{},"_coverageSchema":"1a1c01bbd47fc00a2c39e90264f33305004495a9","hash":"5733c64f88da4c4f9ee6b66a229fc8e8adb04a87"}
,"D:\\pizza_website_tested\\src\\views\\catalog\\page.js": {"path":"D:\\pizza_website_tested\\src\\views\\catalog\\page.js","statementMap":{"0":{"start":{"line":1,"column":16},"end":{"line":22,"column":1}},"1":{"start":{"line":2,"column":23},"end":{"line":2,"column":48}},"2":{"start":{"line":3,"column":19},"end":{"line":3,"column":71}},"3":{"start":{"line":3,"column":47},"end":{"line":3,"column":70}},"4":{"start":{"line":4,"column":16},"end":{"line":4,"column":49}},"5":{"start":{"line":5,"column":2},"end":{"line":21,"column":10}},"6":{"start":{"line":10,"column":38},"end":{"line":10,"column":66}},"7":{"start":{"line":10,"column":83},"end":{"line":20,"column":11}}},"fnMap":{"0":{"name":"(anonymous_0)","decl":{"start":{"line":1,"column":16},"end":{"line":1,"column":17}},"loc":{"start":{"line":1,"column":36},"end":{"line":22,"column":1}},"line":1},"1":{"name":"(anonymous_1)","decl":{"start":{"line":3,"column":40},"end":{"line":3,"column":41}},"loc":{"start":{"line":3,"column":47},"end":{"line":3,"column":70}},"line":3},"2":{"name":"(anonymous_2)","decl":{"start":{"line":10,"column":27},"end":{"line":10,"column":28}},"loc":{"start":{"line":10,"column":38},"end":{"line":10,"column":66}},"line":10},"3":{"name":"(anonymous_3)","decl":{"start":{"line":10,"column":72},"end":{"line":10,"column":73}},"loc":{"start":{"line":10,"column":83},"end":{"line":20,"column":11}},"line":10}},"branchMap":{},"s":{"0":1,"1":1,"2":1,"3":1,"4":1,"5":1,"6":1,"7":1},"f":{"0":1,"1":1,"2":1,"3":1},"b":{},"_coverageSchema":"1a1c01bbd47fc00a2c39e90264f33305004495a9","hash":"b03cd9039855f1840bac95af6e6a51be7e7650c4"}
,"D:\\pizza_website_tested\\src\\views\\product\\page.js": {"path":"D:\\pizza_website_tested\\src\\views\\product\\page.js","statementMap":{"0":{"start":{"line":1,"column":16},"end":{"line":38,"column":1}},"1":{"start":{"line":2,"column":19},"end":{"line":2,"column":40}},"2":{"start":{"line":3,"column":18},"end":{"line":3,"column":66}},"3":{"start":{"line":3,"column":45},"end":{"line":3,"column":65}},"4":{"start":{"line":4,"column":2},"end":{"line":37,"column":10}},"5":{"start":{"line":23,"column":33},"end":{"line":23,"column":70}},"6":{"start":{"line":24,"column":17},"end":{"line":33,"column":19}}},"fnMap":{"0":{"name":"(anonymous_0)","decl":{"start":{"line":1,"column":16},"end":{"line":1,"column":17}},"loc":{"start":{"line":1,"column":32},"end":{"line":38,"column":1}},"line":1},"1":{"name":"(anonymous_1)","decl":{"start":{"line":3,"column":37},"end":{"line":3,"column":38}},"loc":{"start":{"line":3,"column":45},"end":{"line":3,"column":65}},"line":3},"2":{"name":"(anonymous_2)","decl":{"start":{"line":23,"column":23},"end":{"line":23,"column":24}},"loc":{"start":{"line":23,"column":33},"end":{"line":23,"column":70}},"line":23},"3":{"name":"(anonymous_3)","decl":{"start":{"line":24,"column":9},"end":{"line":24,"column":10}},"loc":{"start":{"line":24,"column":17},"end":{"line":33,"column":19}},"line":24}},"branchMap":{},"s":{"0":1,"1":1,"2":1,"3":16,"4":1,"5":16,"6":3},"f":{"0":1,"1":16,"2":16,"3":3},"b":{},"_coverageSchema":"1a1c01bbd47fc00a2c39e90264f33305004495a9","hash":"d2c047325ac663fa4efc456e90d488cc61041773"}
}
