TN:
SF:src\cartLogic.js
FN:3,(anonymous_0)
FN:9,(anonymous_1)
FN:19,(anonymous_2)
FN:23,(anonymous_3)
FN:31,(anonymous_4)
FN:36,(anonymous_5)
FN:40,(anonymous_6)
FN:44,(anonymous_7)
FN:50,(anonymous_8)
FN:52,(anonymous_9)
FN:54,(anonymous_10)
FNF:11
FNH:11
FNDA:3,(anonymous_0)
FNDA:8,(anonymous_1)
FNDA:8,(anonymous_2)
FNDA:4,(anonymous_3)
FNDA:4,(anonymous_4)
FNDA:1,(anonymous_5)
FNDA:1,(anonymous_6)
FNDA:3,(anonymous_7)
FNDA:1,(anonymous_8)
FNDA:2,(anonymous_9)
FNDA:2,(anonymous_10)
DA:4,3
DA:5,1
DA:10,8
DA:11,8
DA:12,6
DA:14,2
DA:16,8
DA:20,8
DA:24,4
DA:25,4
DA:26,3
DA:27,3
DA:28,3
DA:32,4
DA:33,4
DA:37,1
DA:41,1
DA:42,1
DA:43,1
DA:44,3
DA:46,1
DA:51,1
DA:52,2
DA:53,1
DA:55,2
LF:25
LH:25
BRDA:4,0,0,1
BRDA:4,0,1,2
BRDA:11,1,0,6
BRDA:11,1,1,2
BRDA:25,2,0,1
BRDA:25,2,1,3
BRDA:27,3,0,1
BRDA:27,3,1,2
BRF:8
BRH:8
end_of_record
TN:
SF:src\client.js
FN:2,(anonymous_0)
FN:4,(anonymous_1)
FN:5,(anonymous_2)
FN:8,(anonymous_3)
FN:13,(anonymous_4)
FN:14,(anonymous_5)
FNF:6
FNH:4
FNDA:2,(anonymous_0)
FNDA:2,(anonymous_1)
FNDA:0,(anonymous_2)
FNDA:1,(anonymous_3)
FNDA:1,(anonymous_4)
FNDA:0,(anonymous_5)
DA:3,2
DA:4,2
DA:5,0
DA:9,1
DA:13,1
DA:14,0
LF:6
LH:4
BRF:0
BRH:0
end_of_record
TN:
SF:src\engine.js
FN:2,(anonymous_0)
FN:7,(anonymous_1)
FNF:2
FNH:2
FNDA:1,(anonymous_0)
FNDA:2,(anonymous_1)
DA:3,1
DA:4,1
DA:8,2
DA:9,2
LF:4
LH:4
BRF:0
BRH:0
end_of_record
TN:
SF:src\router.js
FN:3,(anonymous_0)
FN:7,(anonymous_1)
FN:11,(anonymous_2)
FN:15,(anonymous_3)
FN:19,(anonymous_4)
FN:20,(anonymous_5)
FN:28,(anonymous_6)
FNF:7
FNH:7
FNDA:29,(anonymous_0)
FNDA:1,(anonymous_1)
FNDA:1,(anonymous_2)
FNDA:1,(anonymous_3)
FNDA:8,(anonymous_4)
FNDA:8,(anonymous_5)
FNDA:10,(anonymous_6)
DA:4,29
DA:8,1
DA:12,1
DA:16,1
DA:20,8
DA:29,10
DA:30,8
DA:31,3
DA:32,3
DA:34,5
LF:10
LH:10
BRDA:20,0,0,5
BRDA:20,1,0,8
BRDA:20,1,1,1
BRDA:21,2,0,3
BRDA:21,2,1,5
BRDA:23,3,0,3
BRDA:23,3,1,5
BRDA:24,4,0,3
BRDA:24,4,1,5
BRDA:29,5,0,2
BRDA:29,5,1,8
BRDA:30,6,0,3
BRDA:30,6,1,5
BRF:13
BRH:13
end_of_record
TN:
SF:src\script.js
FN:6,(anonymous_0)
FN:10,(anonymous_1)
FN:15,(anonymous_2)
FN:23,(anonymous_3)
FN:29,(anonymous_4)
FN:34,(anonymous_5)
FN:68,(anonymous_6)
FN:72,(anonymous_7)
FN:76,(anonymous_8)
FN:107,loadMain
FN:108,(anonymous_10)
FN:109,(anonymous_11)
FN:114,(anonymous_12)
FN:118,(anonymous_13)
FN:122,(anonymous_14)
FN:126,(anonymous_15)
FN:129,(anonymous_16)
FN:137,(anonymous_17)
FNF:18
FNH:4
FNDA:0,(anonymous_0)
FNDA:0,(anonymous_1)
FNDA:0,(anonymous_2)
FNDA:0,(anonymous_3)
FNDA:0,(anonymous_4)
FNDA:0,(anonymous_5)
FNDA:0,(anonymous_6)
FNDA:0,(anonymous_7)
FNDA:0,(anonymous_8)
FNDA:0,loadMain
FNDA:0,(anonymous_10)
FNDA:0,(anonymous_11)
FNDA:1,(anonymous_12)
FNDA:1,(anonymous_13)
FNDA:0,(anonymous_14)
FNDA:1,(anonymous_15)
FNDA:1,(anonymous_16)
FNDA:0,(anonymous_17)
DA:6,1
DA:7,0
DA:10,1
DA:11,0
DA:15,1
DA:16,0
DA:17,0
DA:18,0
DA:20,0
DA:22,0
DA:24,0
DA:29,1
DA:30,0
DA:31,0
DA:34,1
DA:35,0
DA:38,0
DA:39,0
DA:41,0
DA:42,0
DA:44,0
DA:45,0
DA:47,0
DA:48,0
DA:50,0
DA:51,0
DA:53,0
DA:54,0
DA:56,0
DA:57,0
DA:59,0
DA:63,1
DA:64,1
DA:65,1
DA:66,1
DA:68,1
DA:69,0
DA:72,1
DA:73,0
DA:76,1
DA:77,0
DA:78,0
DA:79,0
DA:80,0
DA:81,0
DA:82,0
DA:83,0
DA:84,0
DA:85,0
DA:86,0
DA:87,0
DA:97,0
DA:98,0
DA:99,0
DA:100,0
DA:101,0
DA:102,0
DA:103,0
DA:108,0
DA:109,0
DA:110,0
DA:114,1
DA:115,1
DA:116,1
DA:117,1
DA:119,1
DA:120,1
DA:123,0
DA:124,0
DA:127,1
DA:130,1
DA:134,1
DA:135,1
DA:137,1
DA:138,0
DA:139,0
DA:142,1
LF:77
LH:24
BRDA:17,0,0,0
BRDA:17,0,1,0
BRDA:35,1,0,0
BRDA:35,1,1,0
BRDA:35,1,2,0
BRDA:35,1,3,0
BRDA:35,1,4,0
BRDA:35,1,5,0
BRDA:35,1,6,0
BRDA:35,1,7,0
BRDA:35,1,8,0
BRDA:93,2,0,0
BRDA:93,2,1,0
BRDA:138,3,0,0
BRDA:138,3,1,0
BRDA:138,4,0,0
BRDA:138,4,1,0
BRF:17
BRH:0
end_of_record
TN:
SF:src\views\catalog.js
FN:1,(anonymous_0)
FN:2,(anonymous_1)
FN:7,(anonymous_2)
FN:7,(anonymous_3)
FNF:4
FNH:4
FNDA:1,(anonymous_0)
FNDA:1,(anonymous_1)
FNDA:1,(anonymous_2)
FNDA:1,(anonymous_3)
DA:1,1
DA:2,1
DA:3,1
DA:7,1
LF:4
LH:4
BRF:0
BRH:0
end_of_record
TN:
SF:src\views\mainPage.js
FN:1,(anonymous_0)
FN:5,(anonymous_1)
FN:8,(anonymous_2)
FN:12,(anonymous_3)
FN:12,(anonymous_4)
FNF:5
FNH:5
FNDA:3,(anonymous_0)
FNDA:1,(anonymous_1)
FNDA:1,(anonymous_2)
FNDA:1,(anonymous_3)
FNDA:1,(anonymous_4)
DA:1,2
DA:2,3
DA:3,2
DA:5,1
DA:8,1
DA:12,1
DA:13,1
LF:7
LH:7
BRDA:2,0,0,1
BRDA:2,0,1,2
BRDA:2,1,0,3
BRDA:2,1,1,3
BRF:4
BRH:4
end_of_record
TN:
SF:src\views\order.js
FN:1,(anonymous_0)
FNF:1
FNH:1
FNDA:1,(anonymous_0)
DA:1,1
DA:2,1
LF:2
LH:2
BRF:0
BRH:0
end_of_record
TN:
SF:src\views\orderDone.js
FN:1,(anonymous_0)
FN:17,(anonymous_1)
FN:18,(anonymous_2)
FNF:3
FNH:3
FNDA:1,(anonymous_0)
FNDA:2,(anonymous_1)
FNDA:3,(anonymous_2)
DA:1,1
DA:3,1
DA:18,3
DA:19,2
DA:20,2
LF:5
LH:5
BRF:0
BRH:0
end_of_record
TN:
SF:src\views\action\page.js
FN:1,(anonymous_0)
FN:3,(anonymous_1)
FNF:2
FNH:2
FNDA:1,(anonymous_0)
FNDA:1,(anonymous_1)
DA:1,1
DA:2,1
DA:3,1
DA:4,1
LF:4
LH:4
BRF:0
BRH:0
end_of_record
TN:
SF:src\views\catalog\page.js
FN:1,(anonymous_0)
FN:3,(anonymous_1)
FN:10,(anonymous_2)
FN:10,(anonymous_3)
FNF:4
FNH:4
FNDA:1,(anonymous_0)
FNDA:1,(anonymous_1)
FNDA:1,(anonymous_2)
FNDA:1,(anonymous_3)
DA:1,1
DA:2,1
DA:3,1
DA:4,1
DA:5,1
DA:10,1
LF:6
LH:6
BRF:0
BRH:0
end_of_record
TN:
SF:src\views\product\page.js
FN:1,(anonymous_0)
FN:3,(anonymous_1)
FN:23,(anonymous_2)
FN:24,(anonymous_3)
FNF:4
FNH:4
FNDA:1,(anonymous_0)
FNDA:16,(anonymous_1)
FNDA:16,(anonymous_2)
FNDA:3,(anonymous_3)
DA:1,1
DA:2,1
DA:3,16
DA:4,1
DA:23,16
DA:24,3
LF:6
LH:6
BRF:0
BRH:0
end_of_record
